  Main.cpp
C:\Program Files\Microsoft Visual Studio\2022\Community\VC\Tools\MSVC\14.39.33519\include\filesystem(12): warning STL4038: The contents of <filesystem> are available only with C++17 or later.
C:\Users\mirco\Desktop\C++\Pong-raylib\Pong-raylib\Main.cpp(22,27): warning C4244: 'argomento': conversione da 'float' a 'int'. Possibile perdita di dati.
C:\Users\mirco\Desktop\C++\Pong-raylib\Pong-raylib\Main.cpp(22,24): warning C4244: 'argomento': conversione da 'float' a 'int'. Possibile perdita di dati.
C:\Users\mirco\Desktop\C++\Pong-raylib\Pong-raylib\Main.cpp(23,32): warning C4244: 'argomento': conversione da 'float' a 'int'. Possibile perdita di dati.
C:\Users\mirco\Desktop\C++\Pong-raylib\Pong-raylib\Main.cpp(23,29): warning C4244: 'argomento': conversione da 'float' a 'int'. Possibile perdita di dati.
C:\Users\mirco\Desktop\C++\Pong-raylib\Pong-raylib\Main.cpp(38,34): warning C4244: '=': conversione da 'int' a 'float'. Possibile perdita di dati.
C:\Users\mirco\Desktop\C++\Pong-raylib\Pong-raylib\Main.cpp(39,35): warning C4244: '=': conversione da 'int' a 'float'. Possibile perdita di dati.
C:\Users\mirco\Desktop\C++\Pong-raylib\Pong-raylib\Main.cpp(58,20): warning C4244: 'return': conversione da 'float' a 'int'. Possibile perdita di dati.
C:\Users\mirco\Desktop\C++\Pong-raylib\Pong-raylib\Main.cpp(67,20): warning C4244: 'return': conversione da 'float' a 'int'. Possibile perdita di dati.
C:\Users\mirco\Desktop\C++\Pong-raylib\Pong-raylib\Main.cpp(79,21): warning C4244: '+=': conversione da 'double' a 'int'. Possibile perdita di dati.
C:\Users\mirco\Desktop\C++\Pong-raylib\Pong-raylib\Main.cpp(82,21): warning C4244: '-=': conversione da 'double' a 'int'. Possibile perdita di dati.
C:\Users\mirco\Desktop\C++\Pong-raylib\Pong-raylib\Main.cpp(101,40): warning C4244: '=': conversione da 'int' a 'float'. Possibile perdita di dati.
C:\Users\mirco\Desktop\C++\Pong-raylib\Pong-raylib\Main.cpp(147,36): warning C4305: 'argomento': troncamento da 'double' a 'float'
C:\Users\mirco\Desktop\C++\Pong-raylib\Pong-raylib\Main.cpp(148,41): warning C4305: 'argomento': troncamento da 'double' a 'float'
C:\Users\mirco\Desktop\C++\Pong-raylib\Pong-raylib\Main.cpp(151,43): warning C4305: 'argomento': troncamento da 'double' a 'float'
C:\Users\mirco\Desktop\C++\Pong-raylib\Pong-raylib\Main.cpp(152,48): warning C4305: 'argomento': troncamento da 'double' a 'float'
C:\Users\mirco\Desktop\C++\Pong-raylib\Pong-raylib\Main.cpp(159,102): warning C4244: 'argomento': conversione da 'float' a 'int'. Possibile perdita di dati.
C:\Users\mirco\Desktop\C++\Pong-raylib\Pong-raylib\Main.cpp(159,37): warning C4244: 'argomento': conversione da 'float' a 'int'. Possibile perdita di dati.
C:\Users\mirco\Desktop\C++\Pong-raylib\Pong-raylib\Main.cpp(160,94): warning C4244: 'argomento': conversione da 'float' a 'int'. Possibile perdita di dati.
C:\Users\mirco\Desktop\C++\Pong-raylib\Pong-raylib\Main.cpp(160,33): warning C4244: 'argomento': conversione da 'float' a 'int'. Possibile perdita di dati.
C:\Users\mirco\Desktop\C++\Pong-raylib\Pong-raylib\Main.cpp(161,94): warning C4244: 'argomento': conversione da 'float' a 'int'. Possibile perdita di dati.
C:\Users\mirco\Desktop\C++\Pong-raylib\Pong-raylib\Main.cpp(161,33): warning C4244: 'argomento': conversione da 'float' a 'int'. Possibile perdita di dati.
C:\Users\mirco\Desktop\C++\Pong-raylib\Pong-raylib\Main.cpp(173,15): warning C4244: 'argomento': conversione da 'time_t' a 'unsigned int'. Possibile perdita di dati.
C:\Users\mirco\Desktop\C++\Pong-raylib\Pong-raylib\Main.cpp(180,26): warning C4305: 'inizializzazione': troncamento da 'double' a 'float'
C:\Users\mirco\Desktop\C++\Pong-raylib\Pong-raylib\Main.cpp(232,38): warning C4305: 'argomento': troncamento da 'double' a 'float'
C:\Users\mirco\Desktop\C++\Pong-raylib\Pong-raylib\Main.cpp(310,51): warning C4244: 'argomento': conversione da 'double' a 'float'. Possibile perdita di dati.
C:\Users\mirco\Desktop\C++\Pong-raylib\Pong-raylib\Main.cpp(325,53): warning C4244: 'argomento': conversione da 'double' a 'float'. Possibile perdita di dati.
C:\Users\mirco\Desktop\C++\Pong-raylib\Pong-raylib\Main.cpp(356,209): warning C4244: 'argomento': conversione da 'float' a 'int'. Possibile perdita di dati.
C:\Users\mirco\Desktop\C++\Pong-raylib\Pong-raylib\Main.cpp(356,95): warning C4244: 'argomento': conversione da 'float' a 'int'. Possibile perdita di dati.
C:\Users\mirco\Desktop\C++\Pong-raylib\Pong-raylib\Main.cpp(357,207): warning C4244: 'argomento': conversione da 'float' a 'int'. Possibile perdita di dati.
C:\Users\mirco\Desktop\C++\Pong-raylib\Pong-raylib\Main.cpp(357,94): warning C4244: 'argomento': conversione da 'float' a 'int'. Possibile perdita di dati.
C:\Users\mirco\Desktop\C++\Pong-raylib\Pong-raylib\Main.cpp(381,104): warning C4305: 'argomento': troncamento da 'double' a 'float'
C:\Users\mirco\Desktop\C++\Pong-raylib\Pong-raylib\Main.cpp(382,113): warning C4244: 'argomento': conversione da 'float' a 'int'. Possibile perdita di dati.
C:\Users\mirco\Desktop\C++\Pong-raylib\Pong-raylib\Main.cpp(382,47): warning C4244: 'argomento': conversione da 'float' a 'int'. Possibile perdita di dati.
  Pong-raylib.vcxproj -> C:\Users\mirco\Desktop\C++\Pong-raylib\x64\Debug\Pong-raylib.exe
